<?xml version="1.0" encoding="UTF-8"?>
<testsuite name="A team can register to the game" tests="3" skipped="0" failures="0" errors="0" timestamp="2019-04-15T11:42:41" hostname="Pivotal-iMac-3.local" time="8.329">
  <properties/>
  <testcase name="Add team" classname="A team can register to the game" time="2.351"/>
  <testcase name="When added team receives a link to its log" classname="A team can register to the game" time="0.327"/>
  <testcase name="Start receiving questions" classname="A team can register to the game" time="5.641"/>
  <system-out><![CDATA[2019-04-15 13:42:41.615  INFO 4200 --- [    Test worker] org.openqa.selenium.Capabilities         : Using `new ChromeOptions()` is preferred to `DesiredCapabilities.chrome()`
2019-04-15 13:42:41.915  WARN 4200 --- [ null to remote] org.openqa.selenium.json.JsonOutput      : Attempt to convert JsonElement from GSON. This functionality is deprecated. Diagnostic stacktrace follows

org.openqa.selenium.json.JsonException: Stack trace to determine cause of warning
Build info: version: '3.14.0', revision: 'aacccce0', time: '2018-08-02T20:19:58.91Z'
System info: host: 'Pivotal-iMac-3.local', ip: '10.36.84.79', os.name: 'Mac OS X', os.arch: 'x86_64', os.version: '10.13.6', java.version: '1.8.0_60'
Driver info: driver.version: ChromeDriver
	at org.openqa.selenium.json.JsonOutput.lambda$new$12(JsonOutput.java:142) [selenium-remote-driver-3.14.0.jar:na]
	at org.openqa.selenium.json.JsonOutput$SafeBiConsumer.accept(JsonOutput.java:407) ~[selenium-remote-driver-3.14.0.jar:na]
	at org.openqa.selenium.json.JsonOutput.write(JsonOutput.java:261) [selenium-remote-driver-3.14.0.jar:na]
	at org.openqa.selenium.json.JsonOutput.convertUsingMethod(JsonOutput.java:313) [selenium-remote-driver-3.14.0.jar:na]
	at org.openqa.selenium.json.JsonOutput.lambda$new$14(JsonOutput.java:152) [selenium-remote-driver-3.14.0.jar:na]
	at org.openqa.selenium.json.JsonOutput$SafeBiConsumer.accept(JsonOutput.java:407) ~[selenium-remote-driver-3.14.0.jar:na]
	at org.openqa.selenium.json.JsonOutput.write(JsonOutput.java:261) [selenium-remote-driver-3.14.0.jar:na]
	at org.openqa.selenium.json.JsonOutput.lambda$null$21(JsonOutput.java:174) [selenium-remote-driver-3.14.0.jar:na]
	at java.util.TreeMap.forEach(TreeMap.java:1001) ~[na:1.8.0_60]
	at java.util.Collections$UnmodifiableMap.forEach(Collections.java:1505) ~[na:1.8.0_60]
	at org.openqa.selenium.json.JsonOutput.lambda$new$22(JsonOutput.java:173) [selenium-remote-driver-3.14.0.jar:na]
	at org.openqa.selenium.json.JsonOutput$SafeBiConsumer.accept(JsonOutput.java:407) ~[selenium-remote-driver-3.14.0.jar:na]
	at org.openqa.selenium.json.JsonOutput.write(JsonOutput.java:261) [selenium-remote-driver-3.14.0.jar:na]
	at org.openqa.selenium.json.JsonOutput.lambda$null$21(JsonOutput.java:174) [selenium-remote-driver-3.14.0.jar:na]
	at com.google.common.collect.SingletonImmutableBiMap.forEach(SingletonImmutableBiMap.java:65) ~[guava-27.0.1-jre.jar:na]
	at org.openqa.selenium.json.JsonOutput.lambda$new$22(JsonOutput.java:173) [selenium-remote-driver-3.14.0.jar:na]
	at org.openqa.selenium.json.JsonOutput$SafeBiConsumer.accept(JsonOutput.java:407) ~[selenium-remote-driver-3.14.0.jar:na]
	at org.openqa.selenium.json.JsonOutput.write(JsonOutput.java:261) [selenium-remote-driver-3.14.0.jar:na]
	at org.openqa.selenium.json.JsonOutput.write(JsonOutput.java:252) [selenium-remote-driver-3.14.0.jar:na]
	at org.openqa.selenium.json.Json.toJson(Json.java:42) ~[selenium-remote-driver-3.14.0.jar:na]
	at org.openqa.selenium.remote.NewSessionPayload.create(NewSessionPayload.java:99) ~[selenium-remote-driver-3.14.0.jar:na]
	at org.openqa.selenium.remote.NewSessionPayload.create(NewSessionPayload.java:93) ~[selenium-remote-driver-3.14.0.jar:na]
	at org.openqa.selenium.remote.ProtocolHandshake.createSession(ProtocolHandshake.java:67) ~[selenium-remote-driver-3.14.0.jar:na]
	at org.openqa.selenium.remote.HttpCommandExecutor.execute(HttpCommandExecutor.java:136) ~[selenium-remote-driver-3.14.0.jar:na]
	at org.openqa.selenium.remote.service.DriverCommandExecutor.execute(DriverCommandExecutor.java:83) ~[selenium-remote-driver-3.14.0.jar:na]
	at org.openqa.selenium.remote.RemoteWebDriver.execute(RemoteWebDriver.java:548) ~[selenium-remote-driver-3.14.0.jar:na]
	at org.openqa.selenium.remote.RemoteWebDriver.startSession(RemoteWebDriver.java:212) ~[selenium-remote-driver-3.14.0.jar:na]
	at org.openqa.selenium.remote.RemoteWebDriver.<init>(RemoteWebDriver.java:130) ~[selenium-remote-driver-3.14.0.jar:na]
	at org.openqa.selenium.chrome.ChromeDriver.<init>(ChromeDriver.java:184) ~[selenium-chrome-driver-3.4.0.jar:na]
	at org.openqa.selenium.chrome.ChromeDriver.<init>(ChromeDriver.java:171) ~[selenium-chrome-driver-3.4.0.jar:na]
	at org.openqa.selenium.chrome.ChromeDriver.<init>(ChromeDriver.java:124) ~[selenium-chrome-driver-3.4.0.jar:na]
	at io.pivotal.extremerstartup.testConfiguration.WebDriver(TestConfiguration.kt:15) ~[test/:na]
	at io.pivotal.extremerstartup.testConfiguration$$EnhancerBySpringCGLIB$$3df1af0b.CGLIB$WebDriver$1(<generated>) ~[test/:na]
	at io.pivotal.extremerstartup.testConfiguration$$EnhancerBySpringCGLIB$$3df1af0b$$FastClassBySpringCGLIB$$cb318168.invoke(<generated>) ~[test/:na]
	at org.springframework.cglib.proxy.MethodProxy.invokeSuper(MethodProxy.java:244) ~[spring-core-5.1.6.RELEASE.jar:5.1.6.RELEASE]
	at org.springframework.context.annotation.ConfigurationClassEnhancer$BeanMethodInterceptor.intercept(ConfigurationClassEnhancer.java:363) ~[spring-context-5.1.6.RELEASE.jar:5.1.6.RELEASE]
	at io.pivotal.extremerstartup.testConfiguration$$EnhancerBySpringCGLIB$$3df1af0b.WebDriver(<generated>) ~[test/:na]
	at sun.reflect.NativeMethodAccessorImpl.invoke0(Native Method) ~[na:1.8.0_60]
	at sun.reflect.NativeMethodAccessorImpl.invoke(NativeMethodAccessorImpl.java:62) ~[na:1.8.0_60]
	at sun.reflect.DelegatingMethodAccessorImpl.invoke(DelegatingMethodAccessorImpl.java:43) ~[na:1.8.0_60]
	at java.lang.reflect.Method.invoke(Method.java:497) ~[na:1.8.0_60]
	at org.springframework.beans.factory.support.SimpleInstantiationStrategy.instantiate(SimpleInstantiationStrategy.java:154) ~[spring-beans-5.1.6.RELEASE.jar:5.1.6.RELEASE]
	at org.springframework.beans.factory.support.ConstructorResolver.instantiate(ConstructorResolver.java:622) ~[spring-beans-5.1.6.RELEASE.jar:5.1.6.RELEASE]
	at org.springframework.beans.factory.support.ConstructorResolver.instantiateUsingFactoryMethod(ConstructorResolver.java:456) ~[spring-beans-5.1.6.RELEASE.jar:5.1.6.RELEASE]
	at org.springframework.beans.factory.support.AbstractAutowireCapableBeanFactory.instantiateUsingFactoryMethod(AbstractAutowireCapableBeanFactory.java:1321) ~[spring-beans-5.1.6.RELEASE.jar:5.1.6.RELEASE]
	at org.springframework.beans.factory.support.AbstractAutowireCapableBeanFactory.createBeanInstance(AbstractAutowireCapableBeanFactory.java:1160) ~[spring-beans-5.1.6.RELEASE.jar:5.1.6.RELEASE]
	at org.springframework.beans.factory.support.AbstractAutowireCapableBeanFactory.doCreateBean(AbstractAutowireCapableBeanFactory.java:555) ~[spring-beans-5.1.6.RELEASE.jar:5.1.6.RELEASE]
	at org.springframework.beans.factory.support.AbstractAutowireCapableBeanFactory.createBean(AbstractAutowireCapableBeanFactory.java:515) ~[spring-beans-5.1.6.RELEASE.jar:5.1.6.RELEASE]
	at org.springframework.beans.factory.support.AbstractBeanFactory.lambda$doGetBean$1(AbstractBeanFactory.java:356) ~[spring-beans-5.1.6.RELEASE.jar:5.1.6.RELEASE]
	at org.springframework.boot.test.autoconfigure.web.servlet.WebDriverScope.get(WebDriverScope.java:58) ~[spring-boot-test-autoconfigure-2.1.4.RELEASE.jar:2.1.4.RELEASE]
	at org.springframework.beans.factory.support.AbstractBeanFactory.doGetBean(AbstractBeanFactory.java:353) ~[spring-beans-5.1.6.RELEASE.jar:5.1.6.RELEASE]
	at org.springframework.beans.factory.support.AbstractBeanFactory.getBean(AbstractBeanFactory.java:199) ~[spring-beans-5.1.6.RELEASE.jar:5.1.6.RELEASE]
	at org.springframework.beans.factory.config.DependencyDescriptor.resolveCandidate(DependencyDescriptor.java:277) ~[spring-beans-5.1.6.RELEASE.jar:5.1.6.RELEASE]
	at org.springframework.beans.factory.support.DefaultListableBeanFactory.doResolveDependency(DefaultListableBeanFactory.java:1247) ~[spring-beans-5.1.6.RELEASE.jar:5.1.6.RELEASE]
	at org.springframework.beans.factory.support.DefaultListableBeanFactory.resolveDependency(DefaultListableBeanFactory.java:1167) ~[spring-beans-5.1.6.RELEASE.jar:5.1.6.RELEASE]
	at org.springframework.beans.factory.annotation.AutowiredAnnotationBeanPostProcessor$AutowiredFieldElement.inject(AutowiredAnnotationBeanPostProcessor.java:593) ~[spring-beans-5.1.6.RELEASE.jar:5.1.6.RELEASE]
	at org.springframework.beans.factory.annotation.InjectionMetadata.inject(InjectionMetadata.java:90) ~[spring-beans-5.1.6.RELEASE.jar:5.1.6.RELEASE]
	at org.springframework.beans.factory.annotation.AutowiredAnnotationBeanPostProcessor.postProcessProperties(AutowiredAnnotationBeanPostProcessor.java:374) ~[spring-beans-5.1.6.RELEASE.jar:5.1.6.RELEASE]
	at org.springframework.beans.factory.support.AbstractAutowireCapableBeanFactory.populateBean(AbstractAutowireCapableBeanFactory.java:1411) ~[spring-beans-5.1.6.RELEASE.jar:5.1.6.RELEASE]
	at org.springframework.beans.factory.support.AbstractAutowireCapableBeanFactory.doCreateBean(AbstractAutowireCapableBeanFactory.java:592) ~[spring-beans-5.1.6.RELEASE.jar:5.1.6.RELEASE]
	at org.springframework.beans.factory.support.AbstractAutowireCapableBeanFactory.createBean(AbstractAutowireCapableBeanFactory.java:515) ~[spring-beans-5.1.6.RELEASE.jar:5.1.6.RELEASE]
	at org.springframework.beans.factory.support.AbstractBeanFactory.lambda$doGetBean$1(AbstractBeanFactory.java:356) ~[spring-beans-5.1.6.RELEASE.jar:5.1.6.RELEASE]
	at cucumber.runtime.java.spring.GlueCodeScope.get(GlueCodeScope.java:14) ~[cucumber-spring-2.3.1.jar:na]
	at org.springframework.beans.factory.support.AbstractBeanFactory.doGetBean(AbstractBeanFactory.java:353) ~[spring-beans-5.1.6.RELEASE.jar:5.1.6.RELEASE]
	at org.springframework.beans.factory.support.AbstractBeanFactory.getBean(AbstractBeanFactory.java:224) ~[spring-beans-5.1.6.RELEASE.jar:5.1.6.RELEASE]
	at org.springframework.beans.factory.support.DefaultListableBeanFactory.resolveNamedBean(DefaultListableBeanFactory.java:1115) ~[spring-beans-5.1.6.RELEASE.jar:5.1.6.RELEASE]
	at org.springframework.beans.factory.support.DefaultListableBeanFactory.resolveBean(DefaultListableBeanFactory.java:407) ~[spring-beans-5.1.6.RELEASE.jar:5.1.6.RELEASE]
	at org.springframework.beans.factory.support.DefaultListableBeanFactory.getBean(DefaultListableBeanFactory.java:341) ~[spring-beans-5.1.6.RELEASE.jar:5.1.6.RELEASE]
	at org.springframework.beans.factory.support.DefaultListableBeanFactory.getBean(DefaultListableBeanFactory.java:335) ~[spring-beans-5.1.6.RELEASE.jar:5.1.6.RELEASE]
	at cucumber.runtime.java.spring.SpringFactory.getInstance(SpringFactory.java:249) ~[cucumber-spring-2.3.1.jar:na]
	at cucumber.runtime.java.JavaHookDefinition.execute(JavaHookDefinition.java:60) ~[cucumber-java-2.3.1.jar:na]
	at cucumber.runtime.HookDefinitionMatch.runStep(HookDefinitionMatch.java:17) ~[cucumber-core-2.3.1.jar:na]
	at cucumber.runner.UnskipableStep.executeStep(UnskipableStep.java:22) ~[cucumber-core-2.3.1.jar:na]
	at cucumber.api.TestStep.run(TestStep.java:83) ~[cucumber-core-2.3.1.jar:na]
	at cucumber.api.TestCase.run(TestCase.java:58) ~[cucumber-core-2.3.1.jar:na]
	at cucumber.runner.Runner.runPickle(Runner.java:80) ~[cucumber-core-2.3.1.jar:na]
	at cucumber.runtime.junit.PickleRunners$NoStepDescriptions.run(PickleRunners.java:140) ~[cucumber-junit-2.3.1.jar:na]
	at cucumber.runtime.junit.FeatureRunner.runChild(FeatureRunner.java:68) ~[cucumber-junit-2.3.1.jar:na]
	at cucumber.runtime.junit.FeatureRunner.runChild(FeatureRunner.java:23) ~[cucumber-junit-2.3.1.jar:na]
	at org.junit.runners.ParentRunner$3.run(ParentRunner.java:290) ~[junit-4.12.jar:4.12]
	at org.junit.runners.ParentRunner$1.schedule(ParentRunner.java:71) ~[junit-4.12.jar:4.12]
	at org.junit.runners.ParentRunner.runChildren(ParentRunner.java:288) ~[junit-4.12.jar:4.12]
	at org.junit.runners.ParentRunner.access$000(ParentRunner.java:58) ~[junit-4.12.jar:4.12]
	at org.junit.runners.ParentRunner$2.evaluate(ParentRunner.java:268) ~[junit-4.12.jar:4.12]
	at org.junit.runners.ParentRunner.run(ParentRunner.java:363) ~[junit-4.12.jar:4.12]
	at cucumber.runtime.junit.FeatureRunner.run(FeatureRunner.java:73) ~[cucumber-junit-2.3.1.jar:na]
	at cucumber.api.junit.Cucumber.runChild(Cucumber.java:117) ~[cucumber-junit-2.3.1.jar:na]
	at cucumber.api.junit.Cucumber.runChild(Cucumber.java:55) ~[cucumber-junit-2.3.1.jar:na]
	at org.junit.runners.ParentRunner$3.run(ParentRunner.java:290) ~[junit-4.12.jar:4.12]
	at org.junit.runners.ParentRunner$1.schedule(ParentRunner.java:71) ~[junit-4.12.jar:4.12]
	at org.junit.runners.ParentRunner.runChildren(ParentRunner.java:288) ~[junit-4.12.jar:4.12]
	at org.junit.runners.ParentRunner.access$000(ParentRunner.java:58) ~[junit-4.12.jar:4.12]
	at org.junit.runners.ParentRunner$2.evaluate(ParentRunner.java:268) ~[junit-4.12.jar:4.12]
	at cucumber.api.junit.Cucumber$1.evaluate(Cucumber.java:126) ~[cucumber-junit-2.3.1.jar:na]
	at org.junit.internal.runners.statements.RunBefores.evaluate(RunBefores.java:26) ~[junit-4.12.jar:4.12]
	at org.junit.runners.ParentRunner.run(ParentRunner.java:363) ~[junit-4.12.jar:4.12]
	at org.gradle.api.internal.tasks.testing.junit.JUnitTestClassExecutor.runTestClass(JUnitTestClassExecutor.java:110) ~[na:na]
	at org.gradle.api.internal.tasks.testing.junit.JUnitTestClassExecutor.execute(JUnitTestClassExecutor.java:58) ~[na:na]
	at org.gradle.api.internal.tasks.testing.junit.JUnitTestClassExecutor.execute(JUnitTestClassExecutor.java:38) ~[na:na]
	at org.gradle.api.internal.tasks.testing.junit.AbstractJUnitTestClassProcessor.processTestClass(AbstractJUnitTestClassProcessor.java:62) ~[na:na]
	at org.gradle.api.internal.tasks.testing.SuiteTestClassProcessor.processTestClass(SuiteTestClassProcessor.java:51) ~[na:na]
	at sun.reflect.NativeMethodAccessorImpl.invoke0(Native Method) ~[na:1.8.0_60]
	at sun.reflect.NativeMethodAccessorImpl.invoke(NativeMethodAccessorImpl.java:62) ~[na:1.8.0_60]
	at sun.reflect.DelegatingMethodAccessorImpl.invoke(DelegatingMethodAccessorImpl.java:43) ~[na:1.8.0_60]
	at java.lang.reflect.Method.invoke(Method.java:497) ~[na:1.8.0_60]
	at org.gradle.internal.dispatch.ReflectionDispatch.dispatch(ReflectionDispatch.java:35) ~[na:na]
	at org.gradle.internal.dispatch.ReflectionDispatch.dispatch(ReflectionDispatch.java:24) ~[na:na]
	at org.gradle.internal.dispatch.ContextClassLoaderDispatch.dispatch(ContextClassLoaderDispatch.java:32) ~[na:na]
	at org.gradle.internal.dispatch.ProxyDispatchAdapter$DispatchingInvocationHandler.invoke(ProxyDispatchAdapter.java:93) ~[na:na]
	at com.sun.proxy.$Proxy2.processTestClass(Unknown Source) ~[na:na]
	at org.gradle.api.internal.tasks.testing.worker.TestWorker.processTestClass(TestWorker.java:118) ~[na:na]
	at sun.reflect.NativeMethodAccessorImpl.invoke0(Native Method) ~[na:1.8.0_60]
	at sun.reflect.NativeMethodAccessorImpl.invoke(NativeMethodAccessorImpl.java:62) ~[na:1.8.0_60]
	at sun.reflect.DelegatingMethodAccessorImpl.invoke(DelegatingMethodAccessorImpl.java:43) ~[na:1.8.0_60]
	at java.lang.reflect.Method.invoke(Method.java:497) ~[na:1.8.0_60]
	at org.gradle.internal.dispatch.ReflectionDispatch.dispatch(ReflectionDispatch.java:35) ~[na:na]
	at org.gradle.internal.dispatch.ReflectionDispatch.dispatch(ReflectionDispatch.java:24) ~[na:na]
	at org.gradle.internal.remote.internal.hub.MessageHubBackedObjectConnection$DispatchWrapper.dispatch(MessageHubBackedObjectConnection.java:175) ~[na:na]
	at org.gradle.internal.remote.internal.hub.MessageHubBackedObjectConnection$DispatchWrapper.dispatch(MessageHubBackedObjectConnection.java:157) ~[na:na]
	at org.gradle.internal.remote.internal.hub.MessageHub$Handler.run(MessageHub.java:404) ~[na:na]
	at org.gradle.internal.concurrent.ExecutorPolicy$CatchAndRecordFailures.onExecute(ExecutorPolicy.java:63) ~[na:na]
	at org.gradle.internal.concurrent.ManagedExecutorImpl$1.run(ManagedExecutorImpl.java:46) ~[na:na]
	at java.util.concurrent.ThreadPoolExecutor.runWorker(ThreadPoolExecutor.java:1142) ~[na:1.8.0_60]
	at java.util.concurrent.ThreadPoolExecutor$Worker.run(ThreadPoolExecutor.java:617) ~[na:1.8.0_60]
	at org.gradle.internal.concurrent.ThreadFactoryImpl$ManagedThreadRunnable.run(ThreadFactoryImpl.java:55) ~[na:na]
	at java.lang.Thread.run(Thread.java:745) ~[na:1.8.0_60]

2019-04-15 13:42:42.926  INFO 4200 --- [ null to remote] o.o.selenium.remote.ProtocolHandshake    : Detected dialect: OSS
2019-04-15 13:42:43.147  INFO 4200 --- [nio-3000-exec-1] o.a.c.c.C.[Tomcat].[localhost].[/]       : Initializing Spring DispatcherServlet 'dispatcherServlet'
2019-04-15 13:42:43.147  INFO 4200 --- [nio-3000-exec-1] o.s.web.servlet.DispatcherServlet        : Initializing Servlet 'dispatcherServlet'
2019-04-15 13:42:43.162  INFO 4200 --- [nio-3000-exec-1] o.s.web.servlet.DispatcherServlet        : Completed initialization in 15 ms
    ?[32mGiven ?[0m?[32mI want to play the game?[0m                         ?[90m# ServerSetupSteps.I want to play the game()?[0m
    ?[32mWhen ?[0m?[32mI submit my team name and the url of my computer?[0m ?[90m# TeamSteps.I submit my team name and the url of my computer()?[0m
    ?[32mThen ?[0m?[32mI should see that my team was added?[0m              ?[90m# TeamSteps.I should see that my team was added()?[0m
    ?[32mAnd ?[0m?[32mI should see my team on the leaderboard?[0m           ?[90m# TeamSteps.I should see my team on the leaderboard()?[0m
    ?[32mGiven ?[0m?[32mI submitted my team info?[0m                         ?[90m# TeamSteps.I submitted my team info()?[0m
    ?[32mThen ?[0m?[32mI should receive a link to my market requests log?[0m ?[90m# TeamSteps.I should receive a link to my market requests log()?[0m
    ?[32mGiven ?[0m?[32mI am playing?[0m                                    ?[90m# TeamSteps.I am playing()?[0m
2019-04-15 13:42:44.505  INFO 4200 --- [    Test worker] org.eclipse.jetty.util.log               : Logging initialized @7741ms to org.eclipse.jetty.util.log.Slf4jLog
2019-04-15 13:42:44.581  INFO 4200 --- [    Test worker] org.eclipse.jetty.server.Server          : jetty-9.4.15.v20190215; built: 2019-02-15T16:53:49.381Z; git: eb70b240169fcf1abbd86af36482d1c49826fa0b; jvm 1.8.0_60-b27
2019-04-15 13:42:44.600  INFO 4200 --- [    Test worker] o.e.jetty.server.handler.ContextHandler  : Started o.e.j.s.ServletContextHandler@63360de{/__admin,null,AVAILABLE}
2019-04-15 13:42:44.601  INFO 4200 --- [    Test worker] o.e.jetty.server.handler.ContextHandler  : Started o.e.j.s.ServletContextHandler@404f5dcc{/,null,AVAILABLE}
2019-04-15 13:42:44.607  INFO 4200 --- [    Test worker] o.e.jetty.server.AbstractConnector       : Started NetworkTrafficServerConnector@73959be4{HTTP/1.1,[http/1.1]}{0.0.0.0:9001}
2019-04-15 13:42:44.607  INFO 4200 --- [    Test worker] org.eclipse.jetty.server.Server          : Started @7844ms
2019-04-15 13:42:44.762  INFO 4200 --- [ qtp60415385-59] o.e.j.s.handler.ContextHandler.__admin   : RequestHandlerClass from context returned com.github.tomakehurst.wiremock.http.AdminRequestHandler. Normalized mapped under returned 'null'
2019-04-15 13:42:46.551  INFO 4200 --- [ qtp60415385-53] o.e.j.s.handler.ContextHandler.ROOT      : RequestHandlerClass from context returned com.github.tomakehurst.wiremock.http.StubRequestHandler. Normalized mapped under returned 'null'
Asking player "Jedi masters" at "http://localhost:9001/" "what is your name".Player "Jedi masters" incorrectly answered "null". Scoring -10 points.
2019-04-15 13:42:46.564 ERROR 4200 --- [   scheduling-1] o.s.s.s.TaskUtils$LoggingErrorHandler    : Unexpected error occurred in scheduled task.

kotlin.KotlinNullPointerException: null
	at io.pivotal.extremerstartup.question.QuestionAsker.questionPlayers(QuestionAsker.kt:51) ~[main/:na]
	at sun.reflect.NativeMethodAccessorImpl.invoke0(Native Method) ~[na:1.8.0_60]
	at sun.reflect.NativeMethodAccessorImpl.invoke(NativeMethodAccessorImpl.java:62) ~[na:1.8.0_60]
	at sun.reflect.DelegatingMethodAccessorImpl.invoke(DelegatingMethodAccessorImpl.java:43) ~[na:1.8.0_60]
	at java.lang.reflect.Method.invoke(Method.java:497) ~[na:1.8.0_60]
	at org.springframework.scheduling.support.ScheduledMethodRunnable.run(ScheduledMethodRunnable.java:84) ~[spring-context-5.1.6.RELEASE.jar:5.1.6.RELEASE]
	at org.springframework.scheduling.support.DelegatingErrorHandlingRunnable.run(DelegatingErrorHandlingRunnable.java:54) ~[spring-context-5.1.6.RELEASE.jar:5.1.6.RELEASE]
	at java.util.concurrent.Executors$RunnableAdapter.call(Executors.java:511) [na:1.8.0_60]
	at java.util.concurrent.FutureTask.runAndReset(FutureTask.java:308) [na:1.8.0_60]
	at java.util.concurrent.ScheduledThreadPoolExecutor$ScheduledFutureTask.access$301(ScheduledThreadPoolExecutor.java:180) [na:1.8.0_60]
	at java.util.concurrent.ScheduledThreadPoolExecutor$ScheduledFutureTask.run(ScheduledThreadPoolExecutor.java:294) [na:1.8.0_60]
	at java.util.concurrent.ThreadPoolExecutor.runWorker(ThreadPoolExecutor.java:1142) [na:1.8.0_60]
	at java.util.concurrent.ThreadPoolExecutor$Worker.run(ThreadPoolExecutor.java:617) [na:1.8.0_60]
	at java.lang.Thread.run(Thread.java:745) [na:1.8.0_60]

2019-04-15 13:42:49.869  INFO 4200 --- [    Test worker] o.e.jetty.server.AbstractConnector       : Stopped NetworkTrafficServerConnector@73959be4{HTTP/1.1,[http/1.1]}{0.0.0.0:9001}
2019-04-15 13:42:49.870  INFO 4200 --- [    Test worker] o.e.jetty.server.handler.ContextHandler  : Stopped o.e.j.s.ServletContextHandler@404f5dcc{/,null,UNAVAILABLE}
2019-04-15 13:42:49.871  INFO 4200 --- [    Test worker] o.e.jetty.server.handler.ContextHandler  : Stopped o.e.j.s.ServletContextHandler@63360de{/__admin,null,UNAVAILABLE}
    ?[32mThen ?[0m?[32mthe game master should start sending me question?[0m ?[90m# TeamSteps.the game master should start sending me questions()?[0m
]]></system-out>
  <system-err><![CDATA[Starting ChromeDriver 73.0.3683.68 (47787ec04b6e38e22703e856e101e840b65afe72) on port 19550
Only local connections are allowed.
Please protect ports used by ChromeDriver and related test frameworks to prevent access by malicious code.
]]></system-err>
</testsuite>
